-------------------------------------------
Time: 2023-11-22 09:28:20
-------------------------------------------
[u'\x03\ufffd1700645397245', u'1', u'859', u'1', u'12', u'0']
[u'1700645397245', u'2', u'859', u'2', u'0', u'0']
[u'1700645397245', u'3', u'859', u'2', u'0', u'0']
[u'1700645397245', u'4', u'859', u'0', u'27', u'0']
[u'1700645397245', u'5', u'859', u'1', u'12', u'0']
[u'1700645397245', u'6', u'859', u'1', u'12', u'0']
[u'1700645397245', u'7', u'859', u'1', u'12', u'0']
[u'1700645397245', u'8', u'859', u'1', u'12', u'0']
[u'1700645397245', u'9', u'859', u'2', u'0', u'0']
[u'1700645397245', u'10', u'859', u'2', u'0', u'0']
...

-------------------------------------------
Time: 2023-11-22 09:28:30
-------------------------------------------
[u'\x03\ufffd1700645402248', u'1', u'867', u'3', u'7', u'0']
[u'1700645402248', u'2', u'867', u'2', u'11', u'0']
[u'1700645402248', u'3', u'867', u'4', u'0', u'0']
[u'1700645402248', u'4', u'867', u'0', u'32', u'0']
[u'1700645402248', u'5', u'867', u'2', u'11', u'0']
[u'1700645402248', u'6', u'867', u'2', u'11', u'0']
[u'1700645402248', u'7', u'867', u'3', u'7', u'0']
[u'1700645402248', u'8', u'867', u'1', u'25', u'0']
[u'1700645402248', u'9', u'867', u'4', u'0', u'0']
[u'1700645402248', u'10', u'867', u'4', u'0', u'0']
...

-------------------------------------------
Time: 2023-11-22 09:28:40
-------------------------------------------
[u'\x03\ufffd1700645412254', u'1', u'881', u'5', u'6', u'0']
[u'1700645412254', u'2', u'881', u'3', u'25', u'0']
[u'1700645412254', u'3', u'881', u'6', u'2', u'0']
[u'1700645412254', u'4', u'881', u'3', u'25', u'0']
[u'1700645412254', u'5', u'881', u'5', u'6', u'0']
[u'1700645412254', u'6', u'881', u'5', u'6', u'0']
[u'1700645412254', u'7', u'881', u'6', u'2', u'0']
[u'1700645412254', u'8', u'881', u'3', u'25', u'0']
[u'1700645412254', u'9', u'881', u'4', u'15', u'0']
[u'1700645412254', u'10', u'881', u'7', u'1', u'0']
...

-------------------------------------------
Time: 2023-11-22 09:28:50
-------------------------------------------
[u'\x03\ufffd1700645422259', u'1', u'894', u'7', u'10', u'0']
[u'1700645422259', u'2', u'894', u'6', u'15', u'0']
[u'1700645422259', u'3', u'894', u'10', u'1', u'0']
[u'1700645422259', u'4', u'894', u'5', u'24', u'0']
[u'1700645422259', u'5', u'894', u'5', u'24', u'0']
[u'1700645422259', u'6', u'894', u'6', u'15', u'0']
[u'1700645422259', u'7', u'894', u'7', u'10', u'0']
[u'1700645422259', u'8', u'894', u'5', u'24', u'0']
[u'1700645422259', u'9', u'894', u'6', u'15', u'0']
[u'1700645422259', u'10', u'894', u'10', u'1', u'0']
...

-------------------------------------------
Time: 2023-11-22 09:29:00
-------------------------------------------
[u'\x03\ufffd1700645432265', u'1', u'906', u'10', u'8', u'0']
[u'1700645432265', u'2', u'906', u'7', u'22', u'0']
[u'1700645432265', u'3', u'906', u'11', u'3', u'0']
[u'1700645432265', u'4', u'906', u'7', u'22', u'0']
[u'1700645432265', u'5', u'906', u'9', u'12', u'0']
[u'1700645432265', u'6', u'906', u'7', u'22', u'0']
[u'1700645432265', u'7', u'906', u'10', u'8', u'0']
[u'1700645432265', u'8', u'906', u'9', u'12', u'0']
[u'1700645432265', u'9', u'906', u'8', u'18', u'0']
[u'1700645432265', u'10', u'906', u'11', u'3', u'0']
...

-------------------------------------------
Time: 2023-11-22 09:29:10
-------------------------------------------
[u'\x03\ufffd1700645442269', u'1', u'917', u'11', u'12', u'0']
[u'1700645442269', u'2', u'917', u'9', u'23', u'0']
[u'1700645442269', u'3', u'917', u'15', u'0', u'0']
[u'1700645442269', u'4', u'917', u'9', u'23', u'0']
[u'1700645442269', u'5', u'917', u'12', u'6', u'0']
[u'1700645442269', u'6', u'917', u'7', u'32', u'0']
[u'1700645442269', u'7', u'917', u'12', u'6', u'0']
[u'1700645442269', u'8', u'917', u'12', u'6', u'0']
[u'1700645442269', u'9', u'917', u'10', u'17', u'0']
[u'1700645442269', u'10', u'917', u'15', u'0', u'0']
...

-------------------------------------------
Time: 2023-11-22 09:29:20
-------------------------------------------
[u'\x03\ufffd1700645452274', u'1', u'929', u'15', u'6', u'0']
[u'1700645452274', u'2', u'929', u'12', u'17', u'0']
[u'1700645452274', u'3', u'929', u'18', u'0', u'0']
[u'1700645452274', u'4', u'929', u'10', u'27', u'0']
[u'1700645452274', u'5', u'929', u'13', u'11', u'0']
[u'1700645452274', u'6', u'929', u'8', u'32', u'0']
[u'1700645452274', u'7', u'929', u'12', u'17', u'0']
[u'1700645452274', u'8', u'929', u'13', u'11', u'0']
[u'1700645452274', u'9', u'929', u'12', u'17', u'0']
[u'1700645452274', u'10', u'929', u'17', u'2', u'0']
...

-------------------------------------------
Time: 2023-11-22 09:29:30
-------------------------------------------
[u'\x03\ufffd1700645462278', u'1', u'941', u'16', u'9', u'0']
[u'1700645462278', u'2', u'941', u'14', u'21', u'0']
[u'1700645462278', u'3', u'941', u'22', u'0', u'0']
[u'1700645462278', u'4', u'941', u'12', u'26', u'0']
[u'1700645462278', u'5', u'941', u'15', u'12', u'0']
[u'1700645462278', u'6', u'941', u'8', u'34', u'0']
[u'1700645462278', u'7', u'941', u'15', u'12', u'0']
[u'1700645462278', u'8', u'941', u'15', u'12', u'0']
[u'1700645462278', u'9', u'941', u'15', u'12', u'0']
[u'1700645462278', u'10', u'941', u'21', u'1', u'0']
...

-------------------------------------------
Time: 2023-11-22 09:29:40
-------------------------------------------
[u'\x03\ufffd1700645472283', u'1', u'952', u'19', u'7', u'0']
[u'1700645472283', u'2', u'952', u'16', u'18', u'0']
[u'1700645472283', u'3', u'952', u'25', u'0', u'0']
[u'1700645472283', u'4', u'952', u'13', u'29', u'0']
[u'1700645472283', u'5', u'952', u'17', u'13', u'0']
[u'1700645472283', u'6', u'952', u'8', u'34', u'0']
[u'1700645472283', u'7', u'952', u'19', u'7', u'0']
[u'1700645472283', u'8', u'952', u'16', u'18', u'0']
[u'1700645472283', u'9', u'952', u'16', u'18', u'0']
[u'1700645472283', u'10', u'952', u'23', u'1', u'0']
...

-------------------------------------------
Time: 2023-11-22 09:29:50
-------------------------------------------
[u'\x03\ufffd1700645482288', u'1', u'968', u'19', u'13', u'0']
[u'1700645482288', u'2', u'968', u'17', u'20', u'0']
[u'1700645482288', u'3', u'968', u'28', u'0', u'0']
[u'1700645482288', u'4', u'968', u'15', u'26', u'0']
[u'1700645482288', u'5', u'968', u'18', u'18', u'0']
[u'1700645482288', u'6', u'968', u'12', u'33', u'0']
[u'1700645482288', u'7', u'968', u'21', u'7', u'0']
[u'1700645482288', u'8', u'968', u'16', u'23', u'0']
[u'1700645482288', u'9', u'968', u'17', u'20', u'0']
[u'1700645482288', u'10', u'968', u'27', u'1', u'0']
...

-------------------------------------------
Time: 2023-11-22 09:30:00
-------------------------------------------
[u'\x03\ufffd1700645492293', u'1', u'984', u'19', u'20', u'0']
[u'1700645492293', u'2', u'984', u'20', u'18', u'0']
[u'1700645492293', u'3', u'984', u'30', u'0', u'0']
[u'1700645492293', u'4', u'984', u'17', u'24', u'0']
[u'1700645492293', u'5', u'984', u'19', u'20', u'0']
[u'1700645492293', u'6', u'984', u'15', u'31', u'0']
[u'1700645492293', u'7', u'984', u'22', u'6', u'0']
[u'1700645492293', u'8', u'984', u'17', u'24', u'0']
[u'1700645492293', u'9', u'984', u'17', u'24', u'0']
[u'1700645492293', u'10', u'984', u'30', u'0', u'0']
...

-------------------------------------------
Time: 2023-11-22 09:30:10
-------------------------------------------
[u'\x03\ufffd1700645502298', u'1', u'998', u'19', u'24', u'0']
[u'1700645502298', u'2', u'998', u'22', u'18', u'0']
[u'1700645502298', u'3', u'998', u'33', u'0', u'0']
[u'1700645502298', u'4', u'998', u'19', u'24', u'0']
[u'1700645502298', u'5', u'998', u'20', u'22', u'0']
[u'1700645502298', u'6', u'998', u'17', u'30', u'0']
[u'1700645502298', u'7', u'998', u'24', u'11', u'0']
[u'1700645502298', u'8', u'998', u'20', u'22', u'0']
[u'1700645502298', u'9', u'998', u'19', u'24', u'0']
[u'1700645502298', u'10', u'998', u'32', u'1', u'0']
...

-------------------------------------------
Time: 2023-11-22 09:30:20
-------------------------------------------
[u'\x04\x081700645512305', u'1', u'1012', u'21', u'24', u'0']
[u'1700645512305', u'2', u'1012', u'24', u'17', u'0']
[u'1700645512305', u'3', u'1012', u'35', u'0', u'0']
[u'1700645512305', u'4', u'1012', u'20', u'27', u'0']
[u'1700645512305', u'5', u'1012', u'23', u'19', u'0']
[u'1700645512305', u'6', u'1012', u'19', u'31', u'0']
[u'1700645512305', u'7', u'1012', u'25', u'16', u'0']
[u'1700645512305', u'8', u'1012', u'21', u'24', u'0']
[u'1700645512305', u'9', u'1012', u'20', u'27', u'0']
[u'1700645512305', u'10', u'1012', u'34', u'1', u'0']
...

-------------------------------------------
Time: 2023-11-22 09:30:30
-------------------------------------------
[u'\x04\x061700645522308', u'1', u'1025', u'22', u'28', u'0']
[u'1700645522308', u'2', u'1025', u'26', u'18', u'0']
[u'1700645522308', u'3', u'1025', u'35', u'1', u'0']
[u'1700645522308', u'4', u'1025', u'23', u'25', u'0']
[u'1700645522308', u'5', u'1025', u'25', u'19', u'0']
[u'1700645522308', u'6', u'1025', u'19', u'33', u'0']
[u'1700645522308', u'7', u'1025', u'27', u'16', u'0']
[u'1700645522308', u'8', u'1025', u'24', u'21', u'0']
[u'1700645522308', u'9', u'1025', u'22', u'28', u'0']
[u'1700645522308', u'10', u'1025', u'38', u'0', u'0']
...

-------------------------------------------
Time: 2023-11-22 09:30:40
-------------------------------------------
[u'\x04\x071700645532315', u'1', u'1039', u'24', u'26', u'0']
[u'1700645532315', u'2', u'1039', u'29', u'16', u'0']
[u'1700645532315', u'3', u'1039', u'39', u'1', u'0']
[u'1700645532315', u'4', u'1039', u'24', u'26', u'0']
[u'1700645532315', u'5', u'1039', u'28', u'17', u'0']
[u'1700645532315', u'6', u'1039', u'22', u'33', u'0']
[u'1700645532315', u'7', u'1039', u'27', u'21', u'0']
[u'1700645532315', u'8', u'1039', u'28', u'17', u'0']
[u'1700645532315', u'9', u'1039', u'26', u'23', u'0']
[u'1700645532315', u'10', u'1039', u'41', u'0', u'0']
...

-------------------------------------------
Time: 2023-11-22 09:30:50
-------------------------------------------
[u'\x04\x071700645542322', u'1', u'1053', u'26', u'29', u'0']
[u'1700645542322', u'2', u'1053', u'32', u'11', u'0']
[u'1700645542322', u'3', u'1053', u'42', u'1', u'0']
[u'1700645542322', u'4', u'1053', u'26', u'29', u'0']
[u'1700645542322', u'5', u'1053', u'29', u'19', u'0']
[u'1700645542322', u'6', u'1053', u'24', u'33', u'0']
[u'1700645542322', u'7', u'1053', u'29', u'19', u'0']
[u'1700645542322', u'8', u'1053', u'29', u'19', u'0']
[u'1700645542322', u'9', u'1053', u'27', u'25', u'0']
[u'1700645542322', u'10', u'1053', u'43', u'0', u'0']
...

-------------------------------------------
Time: 2023-11-22 09:31:00
-------------------------------------------
[u'\x04\x081700645552327', u'1', u'1067', u'27', u'30', u'0']
[u'1700645552327', u'2', u'1067', u'34', u'10', u'0']
[u'1700645552327', u'3', u'1067', u'44', u'0', u'0']
[u'1700645552327', u'4', u'1067', u'27', u'30', u'0']
[u'1700645552327', u'5', u'1067', u'32', u'18', u'0']
[u'1700645552327', u'6', u'1067', u'27', u'30', u'0']
[u'1700645552327', u'7', u'1067', u'31', u'20', u'0']
[u'1700645552327', u'8', u'1067', u'31', u'20', u'0']
[u'1700645552327', u'9', u'1067', u'29', u'25', u'0']
[u'1700645552327', u'10', u'1067', u'43', u'1', u'0']
...
